2025-07-14 02:34:43,532 - __main__ - INFO - Configuration loaded successfully
2025-07-14 02:34:43,543 - telegramreferralpro.database - INFO - Database initialized successfully
2025-07-14 02:34:43,544 - __main__ - INFO - Database initialized
2025-07-14 02:34:43,544 - __main__ - INFO - Referral system initialized
2025-07-14 02:34:43,640 - telegramreferralpro.languages - INFO - Language table initialized successfully
2025-07-14 02:34:43,641 - __main__ - INFO - Bot handlers registered
2025-07-14 02:34:43,641 - __main__ - INFO - Starting bot in polling mode
2025-07-14 02:34:43,975 - telegramreferralpro.bot_handlers - INFO - User 7221308385 (stoplayingg) started the bot
2025-07-14 02:34:44,082 - telegramreferralpro.bot_handlers - INFO - User 7221308385 left the channel
2025-07-14 02:34:44,088 - telegramreferralpro.bot_handlers - INFO - User 7221308385 joined the channel
2025-07-14 02:35:47,740 - telegramreferralpro.bot_handlers - INFO - User 6723278802 joined the channel
2025-07-14 02:36:45,176 - telegramreferralpro.bot_handlers - INFO - User 6723278802 left the channel
2025-07-14 02:36:58,978 - telegramreferralpro.bot_handlers - INFO - User 6723278802 joined the channel
2025-07-14 02:41:19,300 - __main__ - INFO - Configuration loaded successfully
2025-07-14 02:41:19,301 - telegramreferralpro.database - INFO - Database initialized successfully
2025-07-14 02:41:19,301 - __main__ - INFO - Database initialized
2025-07-14 02:41:19,301 - __main__ - INFO - Referral system initialized
2025-07-14 02:41:19,386 - telegramreferralpro.languages - INFO - Language table initialized successfully
2025-07-14 02:41:19,387 - __main__ - INFO - Bot handlers registered
2025-07-14 02:41:19,387 - __main__ - INFO - Starting bot in polling mode
2025-07-14 02:41:43,015 - telegramreferralpro.bot_handlers - INFO - User 6723278802 left the channel
2025-07-14 02:41:48,157 - telegramreferralpro.bot_handlers - INFO - User 6723278802 joined the channel
2025-07-14 02:44:32,443 - __main__ - INFO - Configuration loaded successfully
2025-07-14 02:44:32,443 - telegramreferralpro.database - INFO - Database initialized successfully
2025-07-14 02:44:32,443 - __main__ - INFO - Database initialized
2025-07-14 02:44:32,443 - __main__ - INFO - Referral system initialized
2025-07-14 02:44:32,536 - telegramreferralpro.languages - INFO - Language table initialized successfully
2025-07-14 02:44:32,536 - __main__ - INFO - Bot handlers registered
2025-07-14 02:44:32,536 - __main__ - INFO - Starting bot in polling mode
2025-07-14 02:44:47,276 - telegramreferralpro.bot_handlers - INFO - User 6723278802 left the channel
2025-07-14 02:44:49,273 - telegramreferralpro.bot_handlers - INFO - User 6723278802 joined the channel
2025-07-14 02:45:09,057 - telegramreferralpro.bot_handlers - INFO - User 6723278802 left the channel
2025-07-14 02:45:20,607 - telegramreferralpro.bot_handlers - INFO - User 6723278802 joined the channel
2025-07-14 02:49:36,654 - telegramreferralpro.bot_handlers - INFO - User 6723278802 left the channel
2025-07-14 02:51:14,997 - telegramreferralpro.bot_handlers - INFO - User 6723278802 (None) started the bot
2025-07-14 02:51:24,574 - telegramreferralpro.bot_handlers - INFO - User 6723278802 (None) started the bot
2025-07-14 02:53:12,396 - telegramreferralpro.bot_handlers - INFO - User 6723278802 joined the channel
2025-07-14 02:53:12,510 - telegramreferralpro.utils - WARNING - Failed to send message to user 6723278802: Forbidden: bot was blocked by the user
2025-07-14 02:53:32,228 - telegramreferralpro.bot_handlers - INFO - User 6723278802 left the channel
2025-07-14 02:55:17,252 - telegramreferralpro.bot_handlers - INFO - User 6723278802 (None) started the bot
2025-07-14 02:55:37,676 - telegramreferralpro.bot_handlers - INFO - User 6723278802 joined the channel
2025-07-14 02:55:52,683 - telegramreferralpro.bot_handlers - INFO - User 6723278802 (None) started the bot
2025-07-14 02:55:52,728 - telegramreferralpro.bot_handlers - WARNING - Referral failed for user 6723278802: You cannot refer yourself
2025-07-14 02:56:04,961 - telegramreferralpro.bot_handlers - INFO - User 6723278802 left the channel
2025-07-14 02:56:11,765 - telegramreferralpro.bot_handlers - INFO - User 6723278802 joined the channel
